Kuzantai:Kuzantai has issue.
kuTukuTu:குடுகுடு
enRu:என்று
ooTiyatu:ஓடியது
pooraaTTattin:போராட்டத்தின்
kaaraNamaaka:காரணமாக
irayil:இரயில்
ooTavillai:ஓடவில்லை
kaTikaaram:கடிகாரம்
nanRaaka:னன்றாக
ooTukinRatu:ஓடுகின்றது
Irattak:Irattak has issue.
kuzaaykaLil:kuzaaykaLil has issues.
irattama:இரத்தம
ooTukinRatu:ஓடுகின்றது
piTippataRkumun:பிடிப்பதற்குமுன்
tiruTan:திருடன்
ooTiviTTaan:ஓடிவிட்டான்
taNNiir:தண்ணீர்
iraikkum:இரைக்கும்
iyantiram:இயன்திரம்
cariyaaka:சரியாக
ooTavillai:ஓடவில்லை
Unkaiyil:Unkaiyil has issue.
atirSTa:atirSTa has issues.
reekai:ரேகை
ooTukinRatu:ஓடுகின்றது
Talaiyil:டலையில்
narai:னரை
ooTiyiruntatu:ஓடியிருன்தது
Inta:Inta has issue.
tiraippatam:திரைப்பதம்
nuuRunaaL:னூறுனாள்
ooTumaa?:ooTumaa? has issues.
Veelaiyil:Veelaiyil has issue.
ceerntu:சேர்ன்து
oruvaruTam:ஒருவருடம்
ooTiviTTatu:ஓடிவிட்டது
